<?xml version="1.0" encoding="UTF-8"?>
<!-- Generated by org.testng.reporters.JUnitReportReporter -->
<testsuite hostname="Kumars-HP" failures="0" tests="1" name="com.hrsm.test_scripts_01.TC_001" time="21.448" errors="0" timestamp="2023-04-01T00:57:22 IST" skipped="0">
  <testcase classname="com.hrsm.test_scripts_01.TC_001" name="TC001" time="21.448"/>
  <system-out>
    <![CDATA[application opened
login done
logout done
application closed]]>
  </system-out>
</testsuite> <!-- com.hrsm.test_scripts_01.TC_001 -->
